\BOOKMARK [1][-]{section.1}{\376\377\000I\000n\000t\000r\000o\000d\000u\000c\000t\000i\000o\000n}{}% 1
\BOOKMARK [1][-]{section.2}{\376\377\000D\000a\000t\000a\000\040\000P\000r\000e\000p\000a\000r\000a\000t\000i\000o\000n}{}% 2
\BOOKMARK [2][-]{subsection.2.1}{\376\377\000R\000e\000a\000d\000i\000n\000g\000\040\000t\000h\000e\000\040\000D\000a\000t\000a\000s\000e\000t}{section.2}% 3
\BOOKMARK [2][-]{subsection.2.2}{\376\377\000T\000o\000k\000e\000n\000i\000z\000a\000t\000i\000o\000n}{section.2}% 4
\BOOKMARK [1][-]{section.3}{\376\377\000M\000o\000d\000e\000l\000\040\000C\000o\000m\000p\000o\000n\000e\000n\000t\000s}{}% 5
\BOOKMARK [2][-]{subsection.3.1}{\376\377\000H\000y\000p\000e\000r\000p\000a\000r\000a\000m\000e\000t\000e\000r\000s}{section.3}% 6
\BOOKMARK [2][-]{subsection.3.2}{\376\377\000E\000m\000b\000e\000d\000d\000i\000n\000g\000\040\000L\000a\000y\000e\000r}{section.3}% 7
\BOOKMARK [2][-]{subsection.3.3}{\376\377\000F\000i\000x\000e\000d\000\040\000P\000o\000s\000i\000t\000i\000o\000n\000a\000l\000\040\000E\000n\000c\000o\000d\000i\000n\000g}{section.3}% 8
\BOOKMARK [2][-]{subsection.3.4}{\376\377\000L\000a\000y\000e\000r\000\040\000N\000o\000r\000m\000a\000l\000i\000z\000a\000t\000i\000o\000n}{section.3}% 9
\BOOKMARK [2][-]{subsection.3.5}{\376\377\000M\000u\000l\000t\000i\000-\000H\000e\000a\000d\000\040\000A\000t\000t\000e\000n\000t\000i\000o\000n}{section.3}% 10
\BOOKMARK [3][-]{subsubsection.3.5.1}{\376\377\000S\000c\000a\000l\000e\000d\000\040\000D\000o\000t\000-\000P\000r\000o\000d\000u\000c\000t\000\040\000A\000t\000t\000e\000n\000t\000i\000o\000n}{subsection.3.5}% 11
\BOOKMARK [2][-]{subsection.3.6}{\376\377\000O\000u\000t\000p\000u\000t\000\040\000P\000r\000o\000j\000e\000c\000t\000i\000o\000n}{section.3}% 12
\BOOKMARK [1][-]{section.4}{\376\377\000T\000r\000a\000i\000n\000i\000n\000g\000\040\000P\000r\000o\000c\000e\000s\000s}{}% 13
\BOOKMARK [2][-]{subsection.4.1}{\376\377\000P\000r\000e\000p\000a\000r\000i\000n\000g\000\040\000T\000e\000x\000t\000\040\000C\000h\000u\000n\000k\000s}{section.4}% 14
\BOOKMARK [2][-]{subsection.4.2}{\376\377\000L\000o\000s\000s\000\040\000F\000u\000n\000c\000t\000i\000o\000n}{section.4}% 15
\BOOKMARK [2][-]{subsection.4.3}{\376\377\000T\000r\000a\000i\000n\000i\000n\000g\000\040\000L\000o\000o\000p}{section.4}% 16
\BOOKMARK [1][-]{section.5}{\376\377\000T\000e\000x\000t\000\040\000G\000e\000n\000e\000r\000a\000t\000i\000o\000n}{}% 17
\BOOKMARK [2][-]{subsection.5.1}{\376\377\000E\000x\000a\000m\000p\000l\000e\000\040\000U\000s\000a\000g\000e}{section.5}% 18
\BOOKMARK [1][-]{section.6}{\376\377\000M\000a\000t\000h\000e\000m\000a\000t\000i\000c\000a\000l\000\040\000E\000x\000p\000l\000a\000n\000a\000t\000i\000o\000n}{}% 19
\BOOKMARK [2][-]{subsection.6.1}{\376\377\000T\000o\000k\000e\000n\000i\000z\000a\000t\000i\000o\000n}{section.6}% 20
\BOOKMARK [2][-]{subsection.6.2}{\376\377\000E\000m\000b\000e\000d\000d\000i\000n\000g\000s}{section.6}% 21
\BOOKMARK [2][-]{subsection.6.3}{\376\377\000P\000o\000s\000i\000t\000i\000o\000n\000a\000l\000\040\000E\000n\000c\000o\000d\000i\000n\000g}{section.6}% 22
\BOOKMARK [2][-]{subsection.6.4}{\376\377\000L\000a\000y\000e\000r\000\040\000N\000o\000r\000m\000a\000l\000i\000z\000a\000t\000i\000o\000n}{section.6}% 23
\BOOKMARK [2][-]{subsection.6.5}{\376\377\000M\000u\000l\000t\000i\000-\000H\000e\000a\000d\000\040\000A\000t\000t\000e\000n\000t\000i\000o\000n}{section.6}% 24
\BOOKMARK [3][-]{subsubsection.6.5.1}{\376\377\000C\000o\000m\000p\000u\000t\000i\000n\000g\000\040\000Q\000u\000e\000r\000i\000e\000s\000,\000\040\000K\000e\000y\000s\000,\000\040\000a\000n\000d\000\040\000V\000a\000l\000u\000e\000s}{subsection.6.5}% 25
\BOOKMARK [3][-]{subsubsection.6.5.2}{\376\377\000S\000p\000l\000i\000t\000t\000i\000n\000g\000\040\000i\000n\000t\000o\000\040\000H\000e\000a\000d\000s}{subsection.6.5}% 26
\BOOKMARK [3][-]{subsubsection.6.5.3}{\376\377\000S\000c\000a\000l\000e\000d\000\040\000D\000o\000t\000-\000P\000r\000o\000d\000u\000c\000t\000\040\000A\000t\000t\000e\000n\000t\000i\000o\000n}{subsection.6.5}% 27
\BOOKMARK [3][-]{subsubsection.6.5.4}{\376\377\000C\000a\000u\000s\000a\000l\000\040\000M\000a\000s\000k\000i\000n\000g}{subsection.6.5}% 28
\BOOKMARK [3][-]{subsubsection.6.5.5}{\376\377\000C\000o\000n\000c\000a\000t\000e\000n\000a\000t\000i\000o\000n\000\040\000a\000n\000d\000\040\000O\000u\000t\000p\000u\000t\000\040\000P\000r\000o\000j\000e\000c\000t\000i\000o\000n}{subsection.6.5}% 29
\BOOKMARK [3][-]{subsubsection.6.5.6}{\376\377\000F\000i\000n\000a\000l\000\040\000O\000u\000t\000p\000u\000t}{subsection.6.5}% 30
\BOOKMARK [2][-]{subsection.6.6}{\376\377\000O\000u\000t\000p\000u\000t\000\040\000P\000r\000o\000j\000e\000c\000t\000i\000o\000n}{section.6}% 31
\BOOKMARK [2][-]{subsection.6.7}{\376\377\000T\000r\000a\000i\000n\000i\000n\000g\000\040\000O\000b\000j\000e\000c\000t\000i\000v\000e}{section.6}% 32
\BOOKMARK [2][-]{subsection.6.8}{\376\377\000B\000a\000c\000k\000p\000r\000o\000p\000a\000g\000a\000t\000i\000o\000n\000\040\000a\000n\000d\000\040\000P\000a\000r\000a\000m\000e\000t\000e\000r\000\040\000U\000p\000d\000a\000t\000e\000s}{section.6}% 33
\BOOKMARK [2][-]{subsection.6.9}{\376\377\000P\000u\000r\000p\000o\000s\000e\000\040\000o\000f\000\040\000M\000u\000l\000t\000i\000-\000H\000e\000a\000d\000\040\000A\000t\000t\000e\000n\000t\000i\000o\000n}{section.6}% 34
\BOOKMARK [3][-]{subsubsection.6.9.1}{\376\377\000C\000o\000m\000p\000u\000t\000a\000t\000i\000o\000n\000\040\000S\000u\000m\000m\000a\000r\000y}{subsection.6.9}% 35
\BOOKMARK [3][-]{subsubsection.6.9.2}{\376\377\000A\000g\000g\000r\000e\000g\000a\000t\000i\000o\000n\000\040\000o\000f\000\040\000A\000t\000t\000e\000n\000t\000i\000o\000n\000\040\000O\000u\000t\000p\000u\000t\000s}{subsection.6.9}% 36
